Exporter version: 6.4.6, Blender version: 2.90.1
========= Conversion from Blender to Babylon.js =========
	Scene settings used :
		Inline textures     :  false
		Material Type       :  PBR
		Positions Precision :  4
		Normals Precision   :  3
		UVs Precision       :  3
		Vert Color Precision:  3
		Mat Weight Precision:  2
		Keep Z-up r-handed  :  no
		Texture directory   :  D:\Mesh\
========= An error was encountered =========
  File "C:\Users\Beauty\AppData\Roaming\Blender Foundation\Blender\2.90\scripts\addons\babylon_js\json_exporter.py", line 76, in execute
    self.world = World(scene, self)
  File "C:\Users\Beauty\AppData\Roaming\Blender Foundation\Blender\2.90\scripts\addons\babylon_js\world.py", line 57, in __init__
    worldNode = AbstractBJSNode.readWorldNodeTree(world.node_tree)
  File "C:\Users\Beauty\AppData\Roaming\Blender Foundation\Blender\2.90\scripts\addons\babylon_js\materials\nodes\abstract.py", line 246, in readWorldNodeTree
    return AbstractBJSNode.readNodeTree(node_tree, 'ShaderNodeOutputWorld')
  File "C:\Users\Beauty\AppData\Roaming\Blender Foundation\Blender\2.90\scripts\addons\babylon_js\materials\nodes\abstract.py", line 274, in readNodeTree
    return AbstractBJSNode(output, topLevelId, True)
  File "C:\Users\Beauty\AppData\Roaming\Blender Foundation\Blender\2.90\scripts\addons\babylon_js\materials\nodes\abstract.py", line 78, in __init__
    bjsWrapperNode = AbstractBJSNode.GetBJSWrapperNode(nodeSocket.links[0].from_node, nodeSocket.name)
  File "C:\Users\Beauty\AppData\Roaming\Blender Foundation\Blender\2.90\scripts\addons\babylon_js\materials\nodes\abstract.py", line 301, in GetBJSWrapperNode
    return BackgroundBJSNode(bpyNode, socketName)
  File "C:\Users\Beauty\AppData\Roaming\Blender Foundation\Blender\2.90\scripts\addons\babylon_js\materials\nodes\background.py", line 8, in __init__
    super().__init__(bpyNode, socketName)
  File "C:\Users\Beauty\AppData\Roaming\Blender Foundation\Blender\2.90\scripts\addons\babylon_js\materials\nodes\abstract.py", line 78, in __init__
    bjsWrapperNode = AbstractBJSNode.GetBJSWrapperNode(nodeSocket.links[0].from_node, nodeSocket.name)
  File "C:\Users\Beauty\AppData\Roaming\Blender Foundation\Blender\2.90\scripts\addons\babylon_js\materials\nodes\abstract.py", line 340, in GetBJSWrapperNode
    return TextureImageBJSNode(bpyNode, socketName)
  File "C:\Users\Beauty\AppData\Roaming\Blender Foundation\Blender\2.90\scripts\addons\babylon_js\materials\nodes\tex_image.py", line 13, in __init__
    self.alpha = bpyNode.image.file_format not in NON_ALPHA_FORMATS
ERROR:  'NoneType' object has no attribute 'file_format'
========= end of processing =========
elapsed time:  0 min, 0.008 secs
