Exporter version: 6.4.6, Blender version: 2.90.1
========= Conversion from Blender to Babylon.js =========
	Scene settings used :
		Inline textures     :  false
		Material Type       :  PBR
		Positions Precision :  4
		Normals Precision   :  3
		UVs Precision       :  3
		Vert Color Precision:  3
		Mat Weight Precision:  2
		Keep Z-up r-handed  :  no
		Texture directory   :  D:\Mesh\
	Python World class constructor completed
	WARNING: No active camera has been assigned, or is not in a currently selected Blender layer
	processing begun of mesh:  Poly
		processing begun of material:  Standard1
		processing begun of material:  Standard
		processing begun of material:  Standard2
		processing begun of multimaterial:  mushroom.Multimaterial#0
		Custom split normals with tangents being used
		num positions      :  3273
		num normals        :  3273
		num tangents       :  13092
		num uvs            :  6546
		num uvs2           :  0
		num colors         :  0
		num triangles      :  3780
========= Writing of JSON file started =========
	writing mesh:  Poly
========= Writing of JSON file completed =========
========= end of processing =========
elapsed time:  0 min, 0.5536 secs
