Exporter version: 6.4.6, Blender version: 2.90.1
========= Conversion from Blender to Babylon.js =========
	Scene settings used :
		Inline textures     :  false
		Material Type       :  PBR
		Positions Precision :  4
		Normals Precision   :  3
		UVs Precision       :  3
		Vert Color Precision:  3
		Mat Weight Precision:  2
		Keep Z-up r-handed  :  no
		Texture directory   :  D:\Mesh\
	Python World class constructor completed
	WARNING: No active camera has been assigned, or is not in a currently selected Blender layer
	processing begun of skeleton:  Armature, id:  0
		processing begun of bone:  tail, index:  0
		processing begun of bone:  Bone.001, index:  1
		processing begun of bone:  ctrlr5, index:  2
		processing begun of bone:  Bone.003, index:  3
		processing begun of bone:  ctrlr4, index:  4
		processing begun of bone:  Bone.005, index:  5
		processing begun of bone:  ctrlr3, index:  6
		processing begun of bone:  Bone.007, index:  7
		processing begun of bone:  ctrl2, index:  8
		processing begun of bone:  Bone.009, index:  9
		processing begun of bone:  ctrlr1, index:  10
		processing begun of bone:  Bone.011, index:  11
		processing begun of bone:  head, index:  12
		processing begun of bone:  Controller, index:  13
	processing begun of mesh:  tongue
		WARNING: No materials have been assigned: 
		Custom split normals with tangents being used
		num positions      :  1856
		num normals        :  1856
		num tangents       :  7424
		num uvs            :  3712
		num uvs2           :  0
		num colors         :  0
		num triangles      :  2844
	processing begun of mesh:  eyes
		WARNING: No materials have been assigned: 
		Custom split normals with tangents being used
		num positions      :  686
		num normals        :  686
		num tangents       :  2744
		num uvs            :  1372
		num uvs2           :  0
		num colors         :  0
		num triangles      :  908
		WARNING: # of 0 area faces found:  136
	processing begun of mesh:  body
		processing begun of material:  Material.001
		Custom split normals with tangents being used
		num positions      :  3315
		num normals        :  3315
		num tangents       :  13260
		num uvs            :  6630
		num uvs2           :  0
		num colors         :  0
		num triangles      :  4936
		Skeleton stats:  
			Total Influencers:  4538
			Avg # of influencers per vertex:  1.3689
			Highest # of influencers observed:  3, num vertices with this:  105
			exported as 3 influencers
			num skeletonWeights and skeletonIndices:  13260
	Mesh: body has un-applied transformations.  This will never work for a mesh with an armature.  Export cancelled
========= end of processing =========
elapsed time:  0 min, 1.4069 secs
