Exporter version: 6.4.6, Blender version: 2.90.1
========= Conversion from Blender to Babylon.js =========
	Scene settings used :
		Inline textures     :  false
		Material Type       :  PBR
		Positions Precision :  4
		Normals Precision   :  3
		UVs Precision       :  3
		Vert Color Precision:  3
		Mat Weight Precision:  2
		Keep Z-up r-handed  :  no
		Texture directory   :  D:\Mesh\
	Python World class constructor completed
	WARNING: No active camera has been assigned, or is not in a currently selected Blender layer
	processing begun of skeleton:  Armature, id:  0
		processing begun of bone:  Head, index:  0
		processing begun of bone:  Bone.001, index:  1
		processing begun of bone:  Middle, index:  2
		processing begun of bone:  Bone.003, index:  3
		processing begun of bone:  Tail, index:  4
		processing begun of bone:  controller, index:  5
	processing begun of mesh:  Slug
		processing begun of material:  Default OBJ
		num positions      :  458381
		num normals        :  458381
		num tangents       :  0
		num uvs            :  0
		num uvs2           :  0
		num colors         :  0
		num triangles      :  155648
		Skeleton stats:  
			Total Influencers:  527576
			Avg # of influencers per vertex:  1.151
			Highest # of influencers observed:  2, num vertices with this:  69195
			exported as 2 influencers
			num skeletonWeights and skeletonIndices:  1833524
========= Writing of JSON file started =========
	writing mesh:  Slug
========= Writing of JSON file completed =========
========= end of processing =========
elapsed time:  0 min, 29.4956 secs
